Context,Mol_L,Frag_L,Mol_R,Frag_R
[*]CS(=O)(=O)NN1C[C@H](c2ccc(OC)cc2)N(CCc2ccc(OC)cc2)C1=O,COc1ccc(CCN2C(=O)N(NS(C)(=O)=O)C[C@@H]2c2ccc(OC)cc2)cc1,CN(C)NS(C)(=O)=O,COc1ccc(CCN2C(=O)N(NS(=O)(=O)CC#N)C[C@@H]2c2ccc(OC)cc2)cc1,CN(C)NS(=O)(=O)CC#N
[*]c1ccc2cc(CCN3CCC[C@H]3C)ccc2n1,C[C@@H]1CCCN1CCc1ccc2nc(-c3cncnc3)ccc2c1,ccc(nc)-c1cncnc1,Cc1nc(C)c(-c2ccc3cc(CCN4CCC[C@H]4C)ccc3n2)cc1C(N)=O,ccc(nc)-c1cc(C(N)=O)c(C)nc1C
[*]c1ccc2cc(CCN3CCC[C@H]3C)ccc2n1,C[C@@H]1CCCN1CCc1ccc2nc(-c3csc(-c4ccccc4)n3)ccc2c1,ccc(nc)-c1csc(-c2ccccc2)n1,Cc1cc2ncc(-c3ccc4cc(CCN5CCC[C@H]5C)ccc4n3)c(C)n2n1,ccc(nc)-c1cnc2cc(C)nn2c1C
[*]c1ccc2cc(CCN3CCC[C@H]3C)ccc2n1,C[C@@H]1CCCN1CCc1ccc2nc(-c3c(Cl)n(C)nc3-c3ccccc3)ccc2c1,ccc(nc)-c1c(-c2ccccc2)nn(C)c1Cl,C[C@@H]1CCCN1CCc1ccc2nc(-c3ccc4c(c3)COCO4)ccc2c1,ccc(nc)-c1ccc2c(c1)COCO2
[*]C(=O)NC1CCN(Cc2ccn(-c3ccc(C(F)(F)F)cc3)c2)CC1,O=C(NC1CCN(Cc2ccn(-c3ccc(C(F)(F)F)cc3)c2)CC1)N1CC(N2CCCOCC2)C1,CNC(=O)N1CC(N2CCCOCC2)C1,O=C(NC1CCN(Cc2ccn(-c3ccc(C(F)(F)F)cc3)c2)CC1)N1CCCC(C(=O)N2CCCC2)C1,CNC(=O)N1CCCC(C(=O)N2CCCC2)C1
[*]C(=O)NC1CCc2ccc(CCN3CCN(c4nsc5ccccc54)CC3)cc21,Cc1ccc(C(=O)NC2CCc3ccc(CCN4CCN(c5nsc6ccccc65)CC4)cc32)cc1,Cc1ccc(C(N)=O)cc1,O=C(NC1CCc2ccc(CCN3CCN(c4nsc5ccccc54)CC3)cc21)c1cccnc1,NC(=O)c1cccnc1
[*]C(=O)NC1CCN(Cc2ccn(-c3ccc(C(F)(F)F)cc3)c2)CC1,COc1ccc(OC2CN(C(=O)NC3CCN(Cc4ccn(-c5ccc(C(F)(F)F)cc5)c4)CC3)C2)cc1,CNC(=O)N1CC(Oc2ccc(OC)cc2)C1,O=C(NC1CCN(Cc2ccn(-c3ccc(C(F)(F)F)cc3)c2)CC1)N1CCn2cccc2C1c1ccccc1,CNC(=O)N1CCn2cccc2C1c1ccccc1
[*]CCc1cc(-c2cccc(C(F)(F)F)c2)nc(C#N)n1,N#Cc1nc(CCCNCC(N)=O)cc(-c2cccc(C(F)(F)F)c2)n1,cc(n)CCCNCC(N)=O,CCC(CC)NC(=O)CCc1cc(-c2cccc(C(F)(F)F)c2)nc(C#N)n1,cc(n)CCC(=O)NC(CC)CC
[*]C(C)C(=O)N1CCN(c2ccc(Nc3ncc(Cl)c(-c4cnc5ccccn54)n3)c(OC)c2)CC1,COc1cc(N2CCN(C(=O)[C@@H](C)N)CC2)ccc1Nc1ncc(Cl)c(-c2cnc3ccccn32)n1,CCN(CC)C(=O)C(C)N,COc1cc(N2CCN(C(=O)[C@H](C)O)CC2)ccc1Nc1ncc(Cl)c(-c2cnc3ccccn32)n1,CCN(CC)C(=O)C(C)O
[*]O[C@H]1C[C@H]2CC[C@@H](C1)N2Cc1ccccc1,NC(=O)c1cncc(O[C@H]2C[C@H]3CC[C@@H](C2)N3Cc2ccccc2)n1,CC(C)Oc1cncc(C(N)=O)n1,Cc1cc(C(N)=O)ccc1O[C@H]1C[C@H]2CC[C@@H](C1)N2Cc1ccccc1,CC(C)Oc1ccc(C(N)=O)cc1C
[*]CCN1Cc2ccc(/C=C/C(=O)NO)cc2C1,O=C(/C=C/c1ccc2c(c1)CN(CCc1cnn3ccccc13)C2)NO,NCCc1cnn2ccccc12,Cc1[nH]c2ccccc2c1CCN1Cc2ccc(/C=C/C(=O)NO)cc2C1,[H]n1c(C)c(CCN)c2ccccc21
[*]Nc1cccc(CCN2CCN(c3cccc4nc(C)ccc43)CC2)c1,Cc1ccc2c(cccc2N2CCN(CCc3cccc(NC(=O)c4ccccc4)c3)CC2)n1,ccc(cc)NC(=O)c1ccccc1,Cc1ccc2c(cccc2N2CCN(CCc3cccc(NS(C)(=O)=O)c3)CC2)n1,ccc(cc)NS(C)(=O)=O
[*]C=Cc1ccc(-n2cnc(C)c2)c(OC)c1,COc1cc(/C=C/c2nc(N)nc(Nc3ccccc3)n2)ccc1-n1cnc(C)c1,c/C=C/c1nc(N)nc(Nc2ccccc2)n1,COc1cc(/C=C/c2nc3ccccc3c(=O)n2C)ccc1-n1cnc(C)c1,c/C=C/c1nc2ccccc2c(=O)n1C
[*]c1ccc2cc(CCN3CCC[C@H]3C)ccc2n1,C[C@@H]1CCCN1CCc1ccc2nc(-c3nc4ccccc4s3)ccc2c1,ccc(nc)-c1nc2ccccc2s1,Cc1nc(N2CCCC2)ncc1-c1ccc2cc(CCN3CCC[C@H]3C)ccc2n1,ccc(nc)-c1cnc(N2CCCC2)nc1C
[*]CCN1CCN(c2cccc3nc(C)ccc32)CC1,Cc1nnc2n1-c1cccc(CCN3CCN(c4cccc5nc(C)ccc54)CC3)c1OC2,Cc1cccc2c1OCc1nnc(C)n1-2,Cc1ccc2c(cccc2N2CCN(CCc3cccc4c3OCC(=O)N4C)CC2)n1,Cc1cccc2c1OCC(=O)N2C
[*]c1ccc2cc(CCN3CCC[C@H]3C)ccc2n1,COC(=O)c1cc(-c2ccc3cc(CCN4CCC[C@H]4C)ccc3n2)on1,ccc(nc)-c1cc(C(=O)OC)no1,C[C@@H]1CCCN1CCc1ccc2nc(-c3ccc(C#N)cc3)ccc2c1,ccc(nc)-c1ccc(C#N)cc1
[*]n1nc(NCC(=O)NC2CN([C@H]3CC[C@@H](C(=O)OCC)CC3)C2)c2cc(C(F)(F)F)ccc21,CCOC(=O)[C@H]1CC[C@@H](N2CC(NC(=O)CNc3nn(C)c4ccc(C(F)(F)F)cc43)C2)CC1,ccc1c(c)c(N)nn1C,CCOC(=O)[C@H]1CC[C@@H](N2CC(NC(=O)CNc3nn(C4CCCC4)c4ccc(C(F)(F)F)cc43)C2)CC1,ccc1c(c)c(N)nn1C1CCCC1
[*]c1cn(-c2ccc(F)cc2)c2ccc(Cl)cc12,CCC(=O)c1cn(-c2ccc(F)cc2)c2ccc(Cl)cc12,ccc1c(C(=O)CC)cn(-c)c1c,CC(O)c1cn(-c2ccc(F)cc2)c2ccc(Cl)cc12,ccc1c(C(C)O)cn(-c)c1c
[*]S(=O)(=O)C1CCN(CCc2ccc(F)cc2F)CC1,O=S(=O)(c1ccc(F)cc1)C1CCN(CCc2ccc(F)cc2F)CC1,CS(=O)(=O)c1ccc(F)cc1,NC(=O)c1cccc(S(=O)(=O)C2CCN(CCc3ccc(F)cc3F)CC2)c1,CS(=O)(=O)c1cccc(C(N)=O)c1
[*]N1CCN(CCN2Cc3ccccc3C2)C1=O,O=C1N(CCN2Cc3ccccc3C2)CCN1c1csc2ccccc12,O=C1NCCN1c1csc2ccccc12,N#Cc1cccc(N2CCN(CCN3Cc4ccccc4C3)C2=O)c1,N#Cc1cccc(N2CCNC2=O)c1
[*]c1ccc2cc(CCN3CCC[C@H]3C)ccc2n1,C[C@@H]1CCCN1CCc1ccc2nc(-c3csc(-c4cc(Cl)nc(Cl)c4)n3)ccc2c1,ccc(nc)-c1csc(-c2cc(Cl)nc(Cl)c2)n1,C[C@@H]1CCCN1CCc1ccc2nc(-c3ccc(-n4ccc(=O)cc4)cc3)ccc2c1,ccc(nc)-c1ccc(-n2ccc(=O)cc2)cc1
[*]C(=O)CC1CCN(Cc2ccn(-c3ccc(C(F)(F)F)cc3)c2)CC1,O=C(CC1CCN(Cc2ccn(-c3ccc(C(F)(F)F)cc3)c2)CC1)NC(c1ccccc1)c1ccccn1,CC(C)CC(=O)NC(c1ccccc1)c1ccccn1,O=C(CC1CCN(Cc2ccn(-c3ccc(C(F)(F)F)cc3)c2)CC1)N1CCN(C(=O)N2CCCC2)CC1,CC(C)CC(=O)N1CCN(C(=O)N2CCCC2)CC1
[*]CCN1CCC(NCc2cc3c(cn2)OCCO3)CC1,COc1ccc2ncc(=O)n(CCN3CCC(NCc4cc5c(cn4)OCCO5)CC3)c2c1,COc1ccc2ncc(=O)n(CCN(C)C)c2c1,O=C1COc2ccccc2N1CCN1CCC(NCc2cc3c(cn2)OCCO3)CC1,CN(C)CCN1C(=O)COc2ccccc21
[*]CCN1CCN(c2cccc(Cl)c2)C1=O,CN(CCN1CCN(c2cccc(Cl)c2)C1=O)CC12CCC(CC1)C2(C)C,CN(C)CCN(C)CC12CCC(CC1)C2(C)C,O=C1N(CCN2C[C@H]3CC[C@@H]2C3)CCN1c1cccc(Cl)c1,[H][C@]12CC[C@]([H])(C1)N(CCN(C)C)C2
[*]C(=O)c1[nH]c2cc(F)ccc2c1C1CNCC[C@H]1F,O=C(Nc1ccccc1)c1[nH]c2cc(F)ccc2c1C1CNCC[C@H]1F,Cc1cc[nH]c1C(=O)Nc1ccccc1,COC(=O)c1[nH]c2cc(F)ccc2c1C1CNCC[C@H]1F,COC(=O)c1[nH]ccc1C
[*]c1nc2ccccc2n1Cc1ccc(F)cc1,CN1CCC[C@@H](c2nc3ccccc3n2Cc2ccc(F)cc2)C1,[H][C@@]1(c2nc(c)c(c)n2Cc)CCCN(C)C1,Cc1cnn(C2CCN(c3nc4ccccc4n3Cc3ccc(F)cc3)CC2)c1,cc1nc(N2CCC(n3cc(C)cn3)CC2)n(Cc)c1c
[*]c1ncn2c1COc1c(CCN3CCN(c4cccc5nc(C)ccc54)CC3)cccc1-2,Cc1ccc2c(cccc2N2CCN(CCc3cccc4c3OCc3cncn3-4)CC2)n1,cc1cOCc2cncn2-1,CNC(=O)c1ncn2c1COc1c(CCN3CCN(c4cccc5nc(C)ccc54)CC3)cccc1-2,cc1cOCc2c(C(=O)NC)ncn2-1
[*]c1ccc2cc(CCN3CCC[C@H]3C)ccc2n1,C[C@@H]1CCCN1CCc1ccc2nc(-c3ccc4c(c3)COCO4)ccc2c1,cc1cccc(-c2ccc3c(c2)COCO3)n1,C[C@@H]1CCCN1CCc1ccc2nc(C3CC3)ccc2c1,cc1cccc(C2CC2)n1
[*]c1c(C(C)(C)C)cc(C(=O)NCC2CCN(C(=O)CCCCC(c3ccc(F)cc3)c3ccc(F)cc3)C2)cc1C(C)(C)C,CC(C)(C)c1cc(C(=O)NCC2CCN(C(=O)CCCCC(c3ccc(F)cc3)c3ccc(F)cc3)C2)cc(C(C)(C)C)c1,Cc1cc(C(C)(C)C)cc(C(C)(C)C)c1,COc1c(C(C)(C)C)cc(C(=O)NCC2CCN(C(=O)CCCCC(c3ccc(F)cc3)c3ccc(F)cc3)C2)cc1C(C)(C)C,COc1c(C(C)(C)C)cc(C)cc1C(C)(C)C
[*]c1ccc2cc(CCN3CCC[C@H]3C)ccc2n1,Cc1ccc(-c2ccc3cc(CCN4CCC[C@H]4C)ccc3n2)cn1,ccc(nc)-c1ccc(C)nc1,C[C@@H]1CCCN1CCc1ccc2nc(-c3cnccn3)ccc2c1,ccc(nc)-c1cnccn1
[*]N1CCC2(C=C(c3ccc(C(=O)N(CC)CC)cc3)c3ccccc3O2)CC1,CCN(CC)C(=O)c1ccc(C2=CC3(CCNCC3)Oc3ccccc32)cc1,CC1(O)CCNCC1,CCN(CC)C(=O)c1ccc(C2=CC3(CCN(CC)CC3)Oc3ccccc32)cc1,CCN1CCC(C)(O)CC1
[*]CCNS(=O)(=O)c1ccc(-c2ccc(CCN3CCC[C@H]3C)cc2)cc1,CCCNS(=O)(=O)c1ccc(-c2ccc(CCN3CCC[C@H]3C)cc2)cc1,CCCNS,COCCNS(=O)(=O)c1ccc(-c2ccc(CCN3CCC[C@H]3C)cc2)cc1,COCCNS
[*]C1CCC(N2CC(NC(=O)CNc3nn(C)c4ccc(C(F)(F)F)cc43)C2)CC1,Cc1ccc([C@H]2CC[C@@H](N3CC(NC(=O)CNc4nn(C)c5ccc(C(F)(F)F)cc54)C3)CC2)cn1,CC(C)c1ccc(C)nc1,Cn1nc(NCC(=O)NC2CN([C@H]3CC[C@@H](c4ccc5c(c4)OCO5)CC3)C2)c2cc(C(F)(F)F)ccc21,CC(C)c1ccc2c(c1)OCO2
[*]c1ccc2cc(CCN3CCC[C@H]3C)ccc2n1,COC(=O)c1cc(-c2ccc3cc(CCN4CCC[C@H]4C)ccc3n2)on1,ccc(nc)-c1cc(C(=O)OC)no1,C[C@@H]1CCCN1CCc1ccc2nc(-c3cnccn3)ccc2c1,ccc(nc)-c1cnccn1
[*]c1ccc2c(c1)N(CCN1CCC(NCc3ccc4c(n3)NC(=O)CO4)CC1)C(=O)CO2,O=C1COc2ccc(CNC3CCN(CCN4C(=O)COc5ccc(OC(F)(F)F)cc54)CC3)nc2N1,Nc1cccc(OC(F)(F)F)c1,CC(=O)c1ccc2c(c1)N(CCN1CCC(NCc3ccc4c(n3)NC(=O)CO4)CC1)C(=O)CO2,CC(=O)c1cccc(N)c1
[*]COc1cc(CCCOC)cc(CN(C(=O)[C@H]2CNCC[C@@H]2c2ccc(OCCOc3c(Cl)cc(C)cc3Cl)cc2)C2CC2)c1,COCCCc1cc(CN(C(=O)[C@H]2CNCC[C@@H]2c2ccc(OCCOc3c(Cl)cc(C)cc3Cl)cc2)C2CC2)cc(OC[C@H]2C[C@@H]2C(=O)OCC(=O)N(C)C)c1,[H][C@]1(COc(c)c)C[C@]1([H])C(=O)OCC(=O)N(C)C,COCCCc1cc(CN(C(=O)[C@H]2CNCC[C@@H]2c2ccc(OCCOc3c(Cl)cc(C)cc3Cl)cc2)C2CC2)cc(OCC2(Cc3nn[nH]n3)CC2)c1,cc(c)OCC1(Cc2nn[nH]n2)CC1
[*]c1ccc2cc(CCN3CCC[C@H]3C)ccc2n1,Cc1c(-c2ccc3cc(CCN4CCC[C@H]4C)ccc3n2)cnn1-c1ccc(Cl)c(Cl)c1,ccc(nc)-c1cnn(-c2ccc(Cl)c(Cl)c2)c1C,Cc1onc(-c2ccccc2)c1-c1ccc2cc(CCN3CCC[C@H]3C)ccc2n1,ccc(nc)-c1c(-c2ccccc2)noc1C
[*]C1CN(c2nc3c(CC)nn(CCOCC(F)(F)F)c3c(Nc3ccncn3)n2)CCN1,CCc1nn(CCOCC(F)(F)F)c2c1nc(N1CCNCC1)nc2Nc1ccncn1,nc(n)N1CCNCC1,CCc1nn(CCOCC(F)(F)F)c2c1nc(N1CCN[C@H](C)C1)nc2Nc1ccncn1,[H][C@@]1(C)CN(c(n)n)CCN1
[*]NC1CCc2ccc(CCN3CCN(c4nsc5ccccc54)CC3)cc21,NC1CCc2ccc(CCN3CCN(c4nsc5ccccc54)CC3)cc21,ccc1c(c)CCC1N,O=C(NC1CCc2ccc(CCN3CCN(c4nsc5ccccc54)CC3)cc21)c1cccnc1,ccc1c(c)CCC1NC(=O)c1cccnc1
[*]CCCSc1nnc(-c2ocnc2C)n1C,Cc1ncoc1-c1nnc(SCCCN2CCC3(CCc4c3cccc4Br)C2)n1C,CC1(C)CCc2c(Br)cccc21,Cc1ncoc1-c1nnc(SCCCN2CCC3(CCc4ccc(Br)cc43)C2)n1C,CC1(C)CCc2ccc(Br)cc21
[*]c1cc(Oc2cc(Cl)ccc2CNC)ccc1Cl,CNCc1ccc(Cl)cc1Oc1ccc(Cl)cc1,cOc1ccc(Cl)cc1,CCc1cc(Oc2cc(Cl)ccc2CNC)ccc1Cl,CCc1cc(Oc)ccc1Cl
[*]c1ccc2cc(CCN3CCC[C@H]3C)ccc2n1,COC(=O)c1cc(-c2ccc3cc(CCN4CCC[C@H]4C)ccc3n2)on1,ccc(nc)-c1cc(C(=O)OC)no1,Cc1c(-c2ccc3cc(CCN4CCC[C@H]4C)ccc3n2)cnn1-c1ccc(N(C)C)nn1,ccc(nc)-c1cnn(-c2ccc(N(C)C)nn2)c1C
[*]CN1CCC2(CC1)CCN(C(=O)c1ccncc1)CC2,O=C(c1ccncc1)N1CCC2(CCN(Cc3cccc(Oc4ccccc4)c3)CC2)CC1,CN(C)Cc1cccc(Oc2ccccc2)c1,O=C(c1ccncc1)N1CCC2(CCN(Cc3ccccc3OC(F)(F)C(F)F)CC2)CC1,CN(C)Cc1ccccc1OC(F)(F)C(F)F
[*]c1ccc2cc(CCN3CCC[C@H]3C)ccc2n1,C[C@@H]1CCCN1CCc1ccc2nc(-c3csc(-c4ccccc4)n3)ccc2c1,ccc(nc)-c1csc(-c2ccccc2)n1,Cc1c(-c2ccc3cc(CCN4CCC[C@H]4C)ccc3n2)cnn1-c1ccccn1,ccc(nc)-c1cnn(-c2ccccn2)c1C
[*]C(=O)NC1CCc2cc(CCN3CCN(c4nsc5ccccc54)CC3)ccc21,O=C(NC1CCc2cc(CCN3CCN(c4nsc5ccccc54)CC3)ccc21)c1cccnc1,CC(c)NC(=O)c1cccnc1,O=C(NC1CCc2cc(CCN3CCN(c4nsc5ccccc54)CC3)ccc21)C1CC1,CC(c)NC(=O)C1CC1
[*]CCN1CCN(c2cccc3nc(C)ccc32)CC1,Cc1ccc2c(cccc2N2CCN(CCc3ccc4c(c3)NC(=O)CO4)CC2)n1,NCCc1ccc2c(c1)NC(=O)CO2,Cc1nnn2c1COc1c(CCN3CCN(c4cccc5nc(C)ccc54)CC3)cccc1-2,Cc1nnn2c1COc1c(CCN)cccc1-2
[*]c1nnc(SCCCN2CCc3ccc(-c4cc(C)on4)cc3CC2)n1C,Cc1cc(-c2ccc3c(c2)CCN(CCCSc2nnc(-c4cccc(F)c4)n2C)CC3)no1,Cn1c(S)nnc1-c1cccc(F)c1,Cc1cc(-c2ccc3c(c2)CCN(CCCSc2nnc(C(F)(F)F)n2C)CC3)no1,Cn1c(S)nnc1C(F)(F)F
[*]CCSc1nnc(-c2cccc3nc(C)ccc32)n1C,Cc1ccc2c(cccc2-c2nnc(SCCCN3C[C@H]4C[C@@]4(c4ccc(Br)cc4)C3)n2C)n1,CCN1CC2C[C@@]2(c2ccccc2)C1,Cc1ccc2c(cccc2-c2nnc(SCCCN3C[C@@H]4C[C@]4(c4ccc(Br)cc4)C3)n2C)n1,CCN1CC2C[C@]2(c2ccccc2)C1
[*]c1cccc(NC(=O)N2CCN(C[C@@H]3CCCN(C4CC4)C3)CC2)c1,O=C(Nc1cccc(Cl)c1)N1CCN(C[C@@H]2CCCN(C3CC3)C2)CC1,Nc1cccc(Cl)c1,O=C(Nc1cccc(C(F)(F)F)c1)N1CCN(C[C@@H]2CCCN(C3CC3)C2)CC1,Nc1cccc(C(F)(F)F)c1
[*]c1ccc2cc(CCN3CCC[C@H]3C)ccc2n1,CCOc1ccc(-n2ncc(-c3ccc4cc(CCN5CCC[C@H]5C)ccc4n3)c2C)nn1,ccc(nc)-c1cnn(-c2ccc(OCC)nn2)c1C,Cc1cc2ncc(-c3ccc4cc(CCN5CCC[C@H]5C)ccc4n3)c(C)n2n1,ccc(nc)-c1cnc2cc(C)nn2c1C
[*]C(=O)N(C)[C@H]1CCc2cc(CN(C)C)ccc2C1,CN(C)Cc1ccc2c(c1)CC[C@H](N(C)C(=O)c1ccc(-c3ccc(F)cc3)cc1)C2,CN(C)C(=O)c1ccc(-c2ccc(F)cc2)cc1,CN(C)Cc1ccc2c(c1)CC[C@H](N(C)C(=O)c1ccc(-c3ccc(Cl)cc3)cn1)C2,CN(C)C(=O)c1ccc(-c2ccc(Cl)cc2)cn1
[*]CN1CCC(CNC(=O)c2cc(Cl)cc(Cl)c2)CC1,CC(C)(C)OCCN1CCC(CNC(=O)c2cc(Cl)cc(Cl)c2)CC1,CCN(CC)CCOC(C)(C)C,CC(C)(C)C(O)CN1CCC(CNC(=O)c2cc(Cl)cc(Cl)c2)CC1,CCN(CC)CC(O)C(C)(C)C
[*]c1ccc2cc(CCN3CCC[C@H]3C)ccc2n1,Cc1cc(-c2nc(-c3ccc4cc(CCN5CCC[C@H]5C)ccc4n3)cs2)no1,cc1cccc(-c2csc(-c3cc(C)on3)n2)n1,C[C@@H]1CCCN1CCc1ccc2nc(C(C)(C)C)ccc2c1,cc1cccc(C(C)(C)C)n1
[*]c1ccc2cc(CCN3CCC[C@H]3C)ccc2n1,Cc1c(-c2ccc3cc(CCN4CCC[C@H]4C)ccc3n2)sc2ncnn12,cc1cccc(-c2sc3ncnn3c2C)n1,C[C@@H]1CCCN1CCc1ccc2nc(C3CC3)ccc2c1,cc1cccc(C2CC2)n1
[*]C(=O)NC1CCc2ccc(CCN3CCN(c4nsc5ccccc54)CC3)cc21,Cc1ccc(C(=O)NC2CCc3ccc(CCN4CCN(c5nsc6ccccc65)CC4)cc32)cc1,Cc1ccc(C(=O)NC(C)c)cc1,O=C(NC1CCc2ccc(CCN3CCN(c4nsc5ccccc54)CC3)cc21)C1CC1,CC(c)NC(=O)C1CC1
[*]C(=O)NC1CCN(Cc2ccn(-c3ccc(C(F)(F)F)cc3)c2)CC1,O=C(COc1cccc(Cl)c1)NC1CCN(Cc2ccn(-c3ccc(C(F)(F)F)cc3)c2)CC1,CC(C)NC(=O)COc1cccc(Cl)c1,O=C(NC1CCN(Cc2ccn(-c3ccc(C(F)(F)F)cc3)c2)CC1)N1CCCC(CO)C1,CC(C)NC(=O)N1CCCC(CO)C1
[*]c1ccc2cc(CCN3CCC[C@H]3C)ccc2n1,C[C@@H]1CCCN1CCc1ccc2nc(-c3cccs3)ccc2c1,ccc(nc)-c1cccs1,Cc1c(-c2ccc3cc(CCN4CCC[C@H]4C)ccc3n2)cnn1C,ccc(nc)-c1cnn(C)c1C
[*]c1ccc2c(c1)N(CCN1CCC(NCc3ccc4c(n3)NC(=O)CO4)CC1)C(=O)CO2,O=C1COc2ccc(CNC3CCN(CCN4C(=O)COc5ccc(OC(F)(F)F)cc54)CC3)nc2N1,Nc1cccc(OC(F)(F)F)c1,O=C1COc2ccc(CNC3CCN(CCN4C(=O)COc5ccc([N+](=O)[O-])cc54)CC3)nc2N1,Nc1cccc([N+](=O)[O-])c1
[*]C[C@H](O)COc1ccc(NS(C)(=O)=O)cc1,CS(=O)(=O)Nc1ccc(OC[C@@H](O)CNCCc2ccc(Cl)c(F)c2)cc1,OCC(O)CNCCc1ccc(Cl)c(F)c1,CCCCN(CCc1ccc(Cl)c(Cl)c1)C[C@H](O)COc1ccc(NS(C)(=O)=O)cc1,CCCCN(CCc1ccc(Cl)c(Cl)c1)CC(O)CO
[*]c1ccc(N2C(=O)N(c3cc(OC)ncn3)C3(CCN(Cc4ncccc4C)CC3)C2=O)cc1,COc1cc(N2C(=O)N(c3ccc(-c4ccc5nc[nH]c5c4)cc3)C(=O)C23CCN(Cc2ncccc2C)CC3)ncn1,[H]n1cnc2ccc(-c)cc21,COc1cc(N2C(=O)N(c3ccc(-c4ccc(C(=O)O)c(C)c4)cc3)C(=O)C23CCN(Cc2ncccc2C)CC3)ncn1,c-c1ccc(C(=O)O)c(C)c1
[*]C=Cc1ccc(-n2cnc(C)c2)c(OC)c1,COc1cc(/C=C/c2nc(N)c3ccccc3n2)ccc1-n1cnc(C)c1,c/C=C/c1nc(N)c2ccccc2n1,COc1cc(/C=C/c2nc3sc4c(c3c(=O)[nH]2)CCC4)ccc1-n1cnc(C)c1,[H]n1c(/C=C/c)nc2sc3c(c2c1=O)CCC3
[*]c1cc(Oc2ccc(F)cc2CNC)ccc1Cl,CNCc1cc(F)ccc1Oc1ccc(Cl)c(F)c1,Oc1ccc(Cl)c(F)c1,CCc1cc(Oc2ccc(F)cc2CNC)ccc1Cl,CCc1cc(O)ccc1Cl
[*]CCCN1C[C@H](CC(=O)Nc2cccc(Cl)c2)[C@@H](c2ccc(OC)cc2)C1,COc1ccc([C@H]2CN(CCCN(C)S(C)(=O)=O)C[C@@H]2CC(=O)Nc2cccc(Cl)c2)cc1,CN(CCCN)S(C)(=O)=O,COc1ccc([C@H]2CN(CCCN3CCCC3=O)C[C@@H]2CC(=O)Nc2cccc(Cl)c2)cc1,NCCCN1CCCC1=O
[*]c1ccc(OCCCN2CCCC2)cc1,C[C@H]1[C@H](c2ccc(OCCCN3CCCC3)cc2)Oc2ccccc2S1(=O)=O,[H][C@@]1(c2ccccc2)Oc2ccccc2S(=O)(=O)[C@@]1([H])C,Cc1nc2ccccc2c(=O)n1-c1ccc(OCCCN2CCCC2)cc1,Cc1nc2ccccc2c(=O)n1-c1ccccc1
[*]NC(=O)CC1CCN(Cc2ccn(-c3ccc(C(F)(F)F)cc3)c2)CC1,CCCCC(NC(=O)CC1CCN(Cc2ccn(-c3ccc(C(F)(F)F)cc3)c2)CC1)c1ccc(OC)nc1,CCCCC(NC(C)=O)c1ccc(OC)nc1,O=C(CC1CCN(Cc2ccn(-c3ccc(C(F)(F)F)cc3)c2)CC1)NC(c1ccccc1)c1ccccn1,CC(=O)NC(c1ccccc1)c1ccccn1
[*]C1COCC[C@@H]1N[C@@H]1CC[C@@](C(=O)N2CCN(c3cc(C(F)(F)F)ccn3)CC2)(C(C)C)C1,CC(C)[C@]1(C(=O)N2CCN(c3cc(C(F)(F)F)ccn3)CC2)CC[C@@H](N[C@H]2CCOC[C@H]2O)C1,[H][C@@]1(O)COCCC1NC(C)C,CCC1COCC[C@@H]1N[C@@H]1CC[C@@](C(=O)N2CCN(c3cc(C(F)(F)F)ccn3)CC2)(C(C)C)C1,CCC1COCCC1NC(C)C
[*]C(c1ccccc1)N1CCNCC1,CCOc1ccccc1C[C@H](c1ccccc1)N1CCNCC1,[H][C@@](Cc1ccccc1OCC)(c1ccccc1)N1CCNCC1,FC(F)Oc1ccccc1CC(c1ccccc1)N1CCNCC1,FC(F)Oc1ccccc1CC(c1ccccc1)N1CCNCC1
[*]c1ccc2cc(CCN3CCC[C@H]3C)ccc2n1,Cc1nc(N2CCOCC2)sc1-c1ccc2cc(CCN3CCC[C@H]3C)ccc2n1,ccc(nc)-c1sc(N2CCOCC2)nc1C,Cc1nc2ncccc2cc1-c1ccc2cc(CCN3CCC[C@H]3C)ccc2n1,ccc(nc)-c1cc2cccnc2nc1C
[*]c1ccc2cc(CCN3CCC[C@H]3C)ccc2n1,C[C@@H]1CCCN1CCc1ccc2nc(-c3nccs3)ccc2c1,ccc(nc)-c1nccs1,Cc1nc(N2CCCC2)ncc1-c1ccc2cc(CCN3CCC[C@H]3C)ccc2n1,ccc(nc)-c1cnc(N2CCCC2)nc1C
[*]c1cn(-c2ccc(F)cc2)c2ccc(Cl)cc12,O=C1NCCN1CCN1CC=C(c2cn(-c3ccc(F)cc3)c3ccc(Cl)cc23)CC1,ccc1c(C2=CCN(CCN3CCNC3=O)CC2)cn(-c)c1c,CCC(CC)c1cn(-c2ccc(F)cc2)c2ccc(Cl)cc12,ccc1c(C(CC)CC)cn(-c)c1c
[*]c1ccc2cc(CCN3CCC[C@H]3C)ccc2n1,C[C@@H]1CCCN1CCc1ccc2nc(-c3ccc4nccnc4c3)ccc2c1,cc(n)-c1ccc2nccnc2c1,C[C@@H]1CCCN1CCc1ccc2nc(-c3cnc4c(c3)OCO4)ccc2c1,cc(n)-c1cnc2c(c1)OCO2
[*]COc1cc(CCCOC)cc(CN(C(=O)[C@H]2CNCC[C@@H]2c2ccc(OCCOc3c(Cl)cc(C)cc3Cl)cc2)C2CC2)c1,COCCCc1cc(CN(C(=O)[C@H]2CNCC[C@@H]2c2ccc(OCCOc3c(Cl)cc(C)cc3Cl)cc2)C2CC2)cc(OCCOC)c1,cc(c)OCCOC,COCCCc1cc(CN(C(=O)[C@H]2CNCC[C@@H]2c2ccc(OCCOc3c(Cl)cc(C)cc3Cl)cc2)C2CC2)cc(OCC2(CC#N)CC2)c1,cc(c)OCC1(CC#N)CC1
[*]C1CCN(CCCNc2nnc(-c3ccc(NC(=O)c4ccccc4F)cc3)o2)CC1,O=C(Nc1ccc(-c2nnc(NCCCN3CCCCC3)o2)cc1)c1ccccc1F,CN1CCCCC1,O=C(Nc1ccc(-c2nnc(NCCCN3CCC(F)CC3)o2)cc1)c1ccccc1F,CN1CCC(F)CC1
[*]N[C@H]1CC[C@H]([C@H](N)C(=O)N2CCC(F)(F)C2)CC1,N[C@H](C(=O)N1CCC(F)(F)C1)[C@H]1CC[C@H](NC(=O)c2ccc(F)c(F)c2)CC1,CCC(CC)NC(=O)c1ccc(F)c(F)c1,N[C@H](C(=O)N1CCC(F)(F)C1)[C@H]1CC[C@H](NS(=O)(=O)c2ccc(OC(F)(F)F)cc2)CC1,CCC(CC)NS(=O)(=O)c1ccc(OC(F)(F)F)cc1
[*]c1ccc2cc(CCN3CCC[C@H]3C)ccc2n1,Cc1c(-c2ccc3cc(CCN4CCC[C@H]4C)ccc3n2)cnn1C,ccc(nc)-c1cnn(C)c1C,C[C@@H]1CCCN1CCc1ccc2nc(-c3ccc(Cl)nc3)ccc2c1,ccc(nc)-c1ccc(Cl)nc1
[*]C1=CC2(CCNCC2)Oc2ccccc21,CC(C)CNC(=O)c1ccc(C2=CC3(CCNCC3)Oc3ccccc32)cc1,cc(c)C(=CC)c1ccc(C(=O)NCC(C)C)cc1,CCN(CC)C(=O)c1ccc(C2=CC3(CCNCC3)Oc3ccccc32)c(C)c1,cc(c)C(=CC)c1ccc(C(=O)N(CC)CC)cc1C
[*]C(=O)NC1CCN(Cc2ccn(-c3ccc(C(F)(F)F)cc3)c2)CC1,CN(CC1(O)CCCCC1)C(=O)NC1CCN(Cc2ccn(-c3ccc(C(F)(F)F)cc3)c2)CC1,CC(C)NC(=O)N(C)CC1(O)CCCCC1,CN1CCN(C(=O)NC2CCN(Cc3ccn(-c4ccc(C(F)(F)F)cc4)c3)CC2)C(c2ccccc2)C1,CC(C)NC(=O)N1CCN(C)CC1c1ccccc1
[*]c1ccc2cc(CCN3CCC[C@H]3C)ccc2n1,C[C@@H]1CCCN1CCc1ccc2nc(-c3nc4ccccc4s3)ccc2c1,ccc(nc)-c1nc2ccccc2s1,Cc1cc(-c2ccc3cc(CCN4CCC[C@H]4C)ccc3n2)nc(-c2ccccc2)n1,ccc(nc)-c1cc(C)nc(-c2ccccc2)n1
[*]C1CCC(N2CC(NC(=O)CNc3n[nH]c4ccc(C(F)(F)F)cc43)C2)CC1,O=C(CNc1n[nH]c2ccc(C(F)(F)F)cc21)NC1CN([C@H]2CC[C@@H](O)CC2)C1,OC1CCCCC1,C=CCO[C@H]1CC[C@@H](N2CC(NC(=O)CNc3n[nH]c4ccc(C(F)(F)F)cc43)C2)CC1,C=CCOC1CCCCC1
[*]c1cn(-c2ccc(F)cc2)c2ccc(Cl)cc12,O=C1NCCN1CCN1CCC(c2cn(-c3ccc(F)cc3)c3ccc(Cl)cc23)CC1,ccc1c(C2CCN(CCN3CCNC3=O)CC2)cn(-c)c1c,CCC(O)(CC)c1cn(-c2ccc(F)cc2)c2ccc(Cl)cc12,ccc1c(C(O)(CC)CC)cn(-c)c1c
[*]c1cc(C(=O)N2CCC(CCN3C4CCC3CC(n3c(C)nc5ccccc53)C4)(c3cccc(F)c3)CC2)c(Cl)cc1F,Cc1nc2ccccc2n1C1CC2CCC(C1)N2CCC1(c2cccc(F)c2)CCN(C(=O)c2cc(NS(C)(=O)=O)c(F)cc2Cl)CC1,Cc1ccc(F)c(NS(C)(=O)=O)c1,CCNS(=O)(=O)c1cc(C(=O)N2CCC(CCN3C4CCC3CC(n3c(C)nc5ccccc53)C4)(c3cccc(F)c3)CC2)c(Cl)cc1F,CCNS(=O)(=O)c1cc(C)ccc1F
[*]CNc1cc(N2CCOCC2)cc(CCc2nc(C)c(CC)o2)n1,CCc1oc(CCc2cc(N3CCOCC3)cc(NC)n2)nc1C,ccc(nc)NC,CCc1oc(CCc2cc(N3CCOCC3)cc(NCC#N)n2)nc1C,ccc(nc)NCC#N
[*]c1ccc2cc(CCN3CCC[C@H]3C)ccc2n1,Cc1n[nH]cc1-c1ccc2cc(CCN3CCC[C@H]3C)ccc2n1,ccc(nc)-c1c[nH]nc1C,Cc1c(-c2ccc(Cl)cc2)noc1-c1ccc2cc(CCN3CCC[C@H]3C)ccc2n1,ccc(nc)-c1onc(-c2ccc(Cl)cc2)c1C
[*]C(=O)NC1CCc2ccc(CCN3CCN(c4nsc5ccccc54)CC3)cc21,O=C(NC1CCc2ccc(CCN3CCN(c4nsc5ccccc54)CC3)cc21)c1ccc(F)cc1,CC(c)NC(=O)c1ccc(F)cc1,O=C(NC1CCc2ccc(CCN3CCN(c4nsc5ccccc54)CC3)cc21)C(F)(F)F,CC(c)NC(=O)C(F)(F)F
[*]c1ccc2cc(CCN3CCC[C@H]3C)ccc2n1,CCOC(=O)c1cc(-c2ccc3cc(CCN4CCC[C@H]4C)ccc3n2)on1,ccc(nc)-c1cc(C(=O)OCC)no1,C[C@@H]1CCCN1CCc1ccc2nc(-c3cccs3)ccc2c1,ccc(nc)-c1cccs1
[*]C12CC1CN(CCCSc1nnc(-c3ocnc3C)n1C)C2,Cc1ncoc1-c1nnc(SCCCN2CC3CC3(c3ccc(C(F)(F)F)cc3)C2)n1C,FC(F)(F)c1ccc(C23CNCC2C3)cc1,Cc1ncoc1-c1nnc(SCCCN2CC3CC3(c3cccc(OC(F)(F)F)c3)C2)n1C,FC(F)(F)Oc1cccc(C23CNCC2C3)c1
[*]C(=O)N1CCC(CCN2C3CCC2CC(n2c(C)nc4ccccc42)C3)(c2cccc(F)c2)CC1,Cc1nc2ccccc2n1C1CC2CCC(C1)N2CCC1(c2cccc(F)c2)CCN(C(=O)c2ccc(NS(C)(=O)=O)cc2Cl)CC1,CS(=O)(=O)Nc1ccc(C(N)=O)c(Cl)c1,CNS(=O)(=O)c1cc(C(=O)N2CCC(CCN3C4CCC3CC(n3c(C)nc5ccccc53)C4)(c3cccc(F)c3)CC2)c(Cl)cc1F,CNS(=O)(=O)c1cc(C(N)=O)c(Cl)cc1F
[*]CCN1CCN(c2cccc(Cl)c2)C1=O,O=C1N(CCN2CCC(C(F)(F)F)CC2)CCN1c1cccc(Cl)c1,CN1CCC(C(F)(F)F)CC1,CC(C)N1CCN(CCN2CCN(c3cccc(Cl)c3)C2=O)CC1,CC(C)N1CCN(C)CC1
[*]C1(O)CCC(N2CC(NC(=O)CNC(=O)c3cccc(C(F)(F)F)c3)C2)CC1,COc1ccc([C@@]2(O)CC[C@H](N3CC(NC(=O)CNC(=O)c4cccc(C(F)(F)F)c4)C3)CC2)cc1,COc1ccc(C(C)(C)O)cc1,O=C(CNC(=O)c1cccc(C(F)(F)F)c1)NC1CN([C@H]2CC[C@](O)(c3cccnc3)CC2)C1,CC(C)(O)c1cccnc1
[*]N1CCN(C2=Nc3cc(Cl)ccc3Nc3ccccc32)CC1,Clc1ccc2c(c1)N=C(N1CCNCC1)c1ccccc1N2,CN1CCNCC1,CN1CCN(C2=Nc3cc(Cl)ccc3Nc3ccccc32)CC1,CN1CCN(C)CC1
[*]CCOc1cc(CCCOC)cc(CN(C(=O)[C@H]2CNCC[C@@H]2c2ccc(OCCOc3c(Cl)cc(C)cc3Cl)cc2)C2CC2)c1,COCCCc1cc(CN(C(=O)[C@H]2CNCC[C@@H]2c2ccc(OCCOc3c(Cl)cc(C)cc3Cl)cc2)C2CC2)cc(OCCCC(C)(C)C(=O)O)c1,cOCCCC(C)(C)C(=O)O,COCCCc1cc(CN(C(=O)[C@H]2CNCC[C@@H]2c2ccc(OCCOc3c(Cl)cc(C)cc3Cl)cc2)C2CC2)cc(OCC[C@](C)(OC)C(=O)O)c1,cOCC[C@](C)(OC)C(=O)O
[*]n1nc(NCC(=O)NC2CN([C@H]3CC[C@@H](C(=O)OCC)CC3)C2)c2cc(C(F)(F)F)ccc21,CCOC(=O)[C@H]1CC[C@@H](N2CC(NC(=O)CNc3nn(CC)c4ccc(C(F)(F)F)cc43)C2)CC1,ccc1c(c)c(N)nn1CC,CCOC(=O)[C@H]1CC[C@@H](N2CC(NC(=O)CNc3nn(C(N)=O)c4ccc(C(F)(F)F)cc43)C2)CC1,ccc1c(c)c(N)nn1C(N)=O
[*]CN1CCC2(CC1)CCN(C(=O)c1ccc(N)cn1)CC2,CC1(C)CCc2cc(CN3CCC4(CC3)CCN(C(=O)c3ccc(N)cn3)CC4)ccc2O1,CN(C)Cc1ccc2c(c1)CCC(C)(C)O2,CC1(C)Cc2c(cccc2CN2CCC3(CC2)CCN(C(=O)c2ccc(N)cn2)CC3)O1,CN(C)Cc1cccc2c1CC(C)(C)O2
[*]C1=CC2(CCNCC2)Oc2ccccc21,CCN(CC)C(=O)c1ccc(C2=CC3(CCNCC3)Oc3ccccc32)cc1,C=C(c)c1ccc(C(=O)N(CC)CC)cc1,CCN1CCc2cc(C3=CC4(CCNCC4)Oc4ccccc43)ccc2C1=O,C=C(c)c1ccc2c(c1)CCN(CC)C2=O
[*]c1nnc(SCCCN2CCc3ccc(-c4cc(C)on4)cc3CC2)n1C,Cc1cc(-c2ccc3c(c2)CCN(CCCSc2nnc(-c4cccs4)n2C)CC3)no1,Cn1c(S)nnc1-c1cccs1,Cc1cc(-c2ccc3c(c2)CCN(CCCSc2nnc(C4CCOCC4)n2C)CC3)no1,Cn1c(S)nnc1C1CCOCC1
[*]C(=O)N1CC[C@@H](NCc2cncn2Cc2ccc(C#N)cc2)C1=O,N#Cc1ccc(Cn2cncc2CN[C@@H]2CCN(C(=O)c3cccc(Cl)c3)C2=O)cc1,CN(C)C(=O)c1cccc(Cl)c1,Cc1ncccc1C(=O)N1CC[C@@H](NCc2cncn2Cc2ccc(C#N)cc2)C1=O,Cc1ncccc1C(=O)N(C)C
[*]c1ccc2cc(CCN3CCC[C@H]3C)ccc2n1,Cc1c(-c2ccc3cc(CCN4CCC[C@H]4C)ccc3n2)cnn1-c1ccc(N(C)C)nn1,cc1cccc(-c2cnn(-c3ccc(N(C)C)nn3)c2C)n1,C[C@@H]1CCCN1CCc1ccc2nc(C3CC3)ccc2c1,cc1cccc(C2CC2)n1
[*]CN1CCC2(CC1)CCN(C(=O)c1ccncc1)CC2,O=C(c1ccncc1)N1CCC2(CCN(Cc3cccc4c3OCC4)CC2)CC1,NCc1cccc2c1OCC2,CC(C)COc1ccccc1CN1CCC2(CC1)CCN(C(=O)c1ccncc1)CC2,CC(C)COc1ccccc1CN
[*]CCCOc1ccc(CN2CCC(NC(=O)c3cc(=O)c4ccc(F)cc4o3)CC2)cc1F,O=C(NC1CCN(Cc2ccc(OCCCN3C(=O)CSC3=O)c(F)c2)CC1)c1cc(=O)c2ccc(F)cc2o1,CCCN1C(=O)CSC1=O,O=C(NC1CCN(Cc2ccc(OCCCN3CCCCC3)c(F)c2)CC1)c1cc(=O)c2ccc(F)cc2o1,CCCN1CCCCC1
[*]c1ccc2cc(CCN3CCC[C@H]3C)ccc2n1,Cc1c(-c2ccc3cc(CCN4CCC[C@H]4C)ccc3n2)cnn1-c1ccc(N(C)C)nn1,ccc(nc)-c1cnn(-c2ccc(N(C)C)nn2)c1C,Cc1nc(C)c(-c2ccc3cc(CCN4CCC[C@H]4C)ccc3n2)s1,ccc(nc)-c1sc(C)nc1C
